
--- SPIEL BEENDET --- 
SpielID: 33734 
SpielEnde: 20.09.2020, 22:15:32
Spieler:
Flo1
Flo2
Flo3
Flo4
Spielverlauf:
22:14:14: Ein neues Spiel wird gestartet mit 4 Spielern.
22:14:14: Werwölfe: 1, Hexen: 1, Seher: 0, Jäger: 0, Amor: 0, 
      Beschützer: 0, Paranormaler Ermittler: 0, Lykantrophen: 0,
      Spione: 0, Mordlustige: 0, Pazifisten: 0, Die Alten: 0, Urwölfe: 0
22:14:14: Weise Flo4 die Nachtidentitaet Werwolf zu.
22:14:14: Weise Flo1 die Nachtidentitaet Hexe/r zu.
22:14:23: Die Wahl der Werwölfe fiel mehrheitlich auf: Flo1
22:14:32: Die Hexe verwendet einen Todestrank, um Flo1 zu töten
22:14:45: Flo1(Hexe/r) stirbt.
22:14:45: Flo1(Hexe/r) stirbt.
22:15:14: Flo2 wurde zum Bürgermeister gewählt, abgestimmt haben: Flo3 -> Flo2, Flo4 -> Flo2, 
22:15:32: Flo4 wurde bei der Abstimmung zum Tode verurteilt, mit den Stimmen: Flo2 -> Flo4, Flo3 -> Flo4, 
22:15:32: Flo4(Werwolf) stirbt.
22:15:32: Die Dorfbewohner haben gewonnen
Die Überlebenden:
Flo2(Dorfbewohner)
Flo3(Dorfbewohner)
--- ENDE DES SPIELLOGS ---
